This version of µWS is not compatible with your Node.js build:

Error: Cannot find module '../binaries/uws_darwin_arm64_131.node'
Require stack:
- /opt/homebrew/lib/node_modules/ganache/node_modules/@trufflesuite/uws-js-unofficial/src/uws.js
- /opt/homebrew/lib/node_modules/ganache/dist/node/cli.js
Falling back to a NodeJS implementation; performance may be degraded.


ganache v7.9.2 (@ganache/cli: 0.10.2, @ganache/core: 0.10.2)
Starting RPC server

Available Accounts
==================
(0) 0x14e217b9aeC23F92250735Db74CB0931d1Aab82b (1000 ETH)
(1) 0xe73c41c2433A2F123c1A423e58fEEC7870926CCa (1000 ETH)
(2) 0x2d75361BF9972284D4B994944F4d578B515e9fd3 (1000 ETH)
(3) 0xF0EB4C588088048B50B2dA5d220eAd5386e9FD39 (1000 ETH)
(4) 0xbF6612AC9ee725a0E17af8cC3b975A9FAdecE2A9 (1000 ETH)
(5) 0xf1e2b4d80c792705E2A1D7Ad3F751EB80b9D7Aa7 (1000 ETH)
(6) 0x4192B61eF595176427F7816cf382c26Baf5967dB (1000 ETH)
(7) 0x8b29062C803a63d48629E35905Ff753B072fe60D (1000 ETH)
(8) 0x768EB6136b7Fe435b26Ba96478b9d7806C7182fd (1000 ETH)
(9) 0xe287eCb4b7546C3369Bc648F25fc6d1dDBf66460 (1000 ETH)

Private Keys
==================
(0) 0x4eec4ebcd0ef560c217d616f38d6f2021c8628e727b73f6f21ba8238c196c554
(1) 0x562a1c73a1770eb0dc0079ec10326d301ff9e8bc45485003343554d3bbe5b9ae
(2) 0xb5227372355da707e4cf09fbd848985e06712234105eafe3dd8c1e2293fdd214
(3) 0x3acd2bb3fbbf5d7753d4ca394f99c1fd1e2b8979cee3c853648ec6461e33975b
(4) 0x5124a613114f968cb79bec31e51b5acd177c2f913c1314616a38c07d2bdea9ed
(5) 0x587d75b954b118d90f1cd1eb070679f34f2818c64a1aebd7c2c44fcc2ef9b568
(6) 0xacd3820d401fc6f5aa9237bca49a0f30429683cf434cf1196e0019365f8203bf
(7) 0x1121a8afe2c676ee74af79a5915fe20bb673c7631765a1fe6a0129816229bcd4
(8) 0x415dfed750c9c12c4977ea52c861247ea52e296b30d502d72ef7a66c71385715
(9) 0x1da9faf96c2741e982699a9a18edb35a9a9d45c16c2d93dfdfe9546eff8b3276

HD Wallet
==================
Mnemonic:      flight job ability burger skin assume quote regular orphan magnet change right
Base HD Path:  m/44'/60'/0'/0/{account_index}

Default Gas Price
==================
2000000000

BlockGas Limit
==================
30000000

Call Gas Limit
==================
50000000

Chain
==================
Hardfork: shanghai
Id:       1337

RPC Listening on 127.0.0.1:8545
web3_clientVersion
eth_getBlockByNumber
eth_chainId
eth_chainId
eth_estimateGas
eth_chainId
eth_getBlockByNumber
eth_sendTransaction
eth_chainId
web3_clientVersion
eth_getBlockByNumber
eth_chainId
eth_chainId
eth_estimateGas
eth_chainId
eth_getBlockByNumber
eth_sendTransaction
eth_chainId
eth_chainId
eth_call
eth_chainId
eth_getCode
eth_chainId
eth_call
eth_chainId
eth_getCode
eth_getBlockByNumber
eth_chainId
eth_chainId
eth_estimateGas
eth_chainId
eth_getBlockByNumber
eth_sendTransaction
eth_chainId
eth_getBlockByNumber
eth_chainId
eth_chainId
eth_estimateGas
eth_chainId
eth_getBlockByNumber
eth_sendTransaction
eth_chainId
eth_getBlockByNumber
eth_chainId
eth_chainId
eth_estimateGas
eth_chainId
eth_getBlockByNumber
eth_sendTransaction
eth_chainId
eth_chainId
eth_call
eth_chainId
eth_getCode
eth_chainId
eth_call
eth_chainId
eth_getCode
